\BOOKMARK [0][-]{section*.4}{\376\377\000A\000b\000r\000e\000v\000i\000a\000c\000i\000o\000n\000e\000s\000\040\000y\000\040\000a\000c\000r\000\363\000n\000i\000m\000o\000s}{}% 1
\BOOKMARK [0][-]{section*.6}{\376\377\000G\000l\000o\000s\000a\000r\000i\000o}{}% 2
\BOOKMARK [0][-]{chapter*.7}{\376\377\000R\000e\000s\000u\000m\000e\000n}{}% 3
\BOOKMARK [0][-]{chapter.1}{\376\377\000I\000n\000t\000r\000o\000d\000u\000c\000c\000i\000\363\000n}{}% 4
\BOOKMARK [0][-]{chapter.2}{\376\377\000P\000l\000a\000n\000t\000e\000a\000m\000i\000e\000n\000t\000o\000\040\000d\000e\000l\000\040\000p\000r\000o\000b\000l\000e\000m\000a}{}% 5
\BOOKMARK [0][-]{chapter.3}{\376\377\000J\000u\000s\000t\000i\000f\000i\000c\000a\000c\000i\000\363\000n}{}% 6
\BOOKMARK [0][-]{chapter.4}{\376\377\000O\000b\000j\000e\000t\000i\000v\000o\000s\000\040\000e\000\040\000h\000i\000p\000\363\000t\000e\000s\000i\000s}{}% 7
\BOOKMARK [1][-]{section.4.1}{\376\377\000O\000b\000j\000e\000t\000i\000v\000o\000\040\000g\000e\000n\000e\000r\000a\000l}{chapter.4}% 8
\BOOKMARK [1][-]{section.4.2}{\376\377\000O\000b\000j\000e\000t\000i\000v\000o\000s\000\040\000e\000s\000p\000e\000c\000\355\000f\000i\000c\000o\000s}{chapter.4}% 9
\BOOKMARK [2][-]{subsection.4.2.1}{\376\377\000T\000r\000a\000b\000a\000j\000o\000\040\000t\000e\000r\000m\000i\000n\000a\000l\000\040\000I}{section.4.2}% 10
\BOOKMARK [2][-]{subsection.4.2.2}{\376\377\000T\000r\000a\000b\000a\000j\000o\000\040\000t\000e\000r\000m\000i\000n\000a\000l\000\040\000I\000I}{section.4.2}% 11
\BOOKMARK [0][-]{chapter.5}{\376\377\000H\000i\000p\000\363\000t\000e\000s\000i\000s}{}% 12
\BOOKMARK [0][-]{chapter.6}{\376\377\000A\000n\000t\000e\000c\000e\000d\000e\000n\000t\000e\000s}{}% 13
\BOOKMARK [0][-]{chapter.7}{\376\377\000E\000s\000t\000a\000d\000o\000\040\000d\000e\000l\000\040\000a\000r\000t\000e}{}% 14
\BOOKMARK [0][-]{chapter.8}{\376\377\000M\000a\000r\000c\000o\000\040\000t\000e\000\363\000r\000i\000c\000o}{}% 15
\BOOKMARK [0][-]{chapter.9}{\376\377\000M\000e\000t\000o\000d\000o\000l\000o\000g\000\355\000a\000\040\000d\000e\000\040\000l\000a\000\040\000i\000n\000v\000e\000s\000t\000i\000g\000a\000c\000i\000\363\000n}{}% 16
\BOOKMARK [0][-]{chapter.10}{\376\377\000A\000d\000m\000i\000n\000i\000s\000t\000r\000a\000c\000i\000\363\000n\000\040\000d\000e\000l\000\040\000p\000r\000o\000y\000e\000c\000t\000o}{}% 17
\BOOKMARK [1][-]{section.10.1}{\376\377\000P\000r\000e\000s\000u\000p\000u\000e\000s\000t\000o\000\040\000e\000s\000t\000i\000m\000a\000d\000o\000\040\000e\000\040\000i\000n\000f\000r\000a\000e\000s\000t\000r\000u\000c\000t\000u\000r\000a}{chapter.10}% 18
\BOOKMARK [2][-]{subsection.10.1.1}{\376\377\000R\000e\000c\000u\000r\000s\000o\000s\000\040\000h\000u\000m\000a\000n\000o\000s}{section.10.1}% 19
\BOOKMARK [2][-]{subsection.10.1.2}{\376\377\000R\000e\000c\000u\000r\000s\000o\000s\000\040\000m\000a\000t\000e\000r\000i\000a\000l\000e\000s}{section.10.1}% 20
\BOOKMARK [2][-]{subsection.10.1.3}{\376\377\000R\000e\000c\000u\000r\000s\000o\000s\000\040\000t\000\351\000c\000n\000i\000c\000o\000s}{section.10.1}% 21
\BOOKMARK [1][-]{section.10.2}{\376\377\000C\000r\000o\000n\000o\000g\000r\000a\000m\000a\000\040\000d\000e\000\040\000a\000c\000t\000i\000v\000i\000d\000a\000d\000e\000s}{chapter.10}% 22
\BOOKMARK [2][-]{subsection.10.2.1}{\376\377\000T\000r\000a\000b\000a\000j\000o\000\040\000t\000e\000r\000m\000i\000n\000a\000l\000\040\000I}{section.10.2}% 23
\BOOKMARK [2][-]{subsection.10.2.2}{\376\377\000T\000r\000a\000b\000a\000j\000o\000\040\000t\000e\000r\000m\000i\000n\000a\000l\000\040\000I\000I}{section.10.2}% 24
\BOOKMARK [0][-]{chapter.11}{\376\377\000R\000e\000s\000u\000l\000t\000a\000d\000o\000s\000\040\000e\000s\000p\000e\000r\000a\000d\000o\000s}{}% 25
\BOOKMARK [0][-]{chapter*.9}{\376\377\000B\000i\000b\000l\000i\000o\000g\000r\000a\000f\000\355\000a}{}% 26
\BOOKMARK [0][-]{appendix.Alph1}{\376\377\000E\000s\000p\000e\000c\000i\000f\000i\000c\000a\000c\000i\000o\000n\000e\000s\000\040\000d\000e\000\040\000A\000r\000d\000u\000i\000n\000o\000\040\000U\000n\000o\000\040\000R\0003}{}% 27
